[2025-03-09T03:37:25.083+0000] {taskinstance.py:1125} INFO - Dependencies all met for dep_context=non-requeueable deps ti=<TaskInstance: 3-Procesar_penguins_data.get_raw_data scheduled__2025-03-09T03:30:00+00:00 [queued]>
[2025-03-09T03:37:25.091+0000] {taskinstance.py:1125} INFO - Dependencies all met for dep_context=requeueable deps ti=<TaskInstance: 3-Procesar_penguins_data.get_raw_data scheduled__2025-03-09T03:30:00+00:00 [queued]>
[2025-03-09T03:37:25.091+0000] {taskinstance.py:1331} INFO - Starting attempt 1 of 2
[2025-03-09T03:37:25.103+0000] {taskinstance.py:1350} INFO - Executing <Task(PythonOperator): get_raw_data> on 2025-03-09 03:30:00+00:00
[2025-03-09T03:37:25.106+0000] {standard_task_runner.py:57} INFO - Started process 776 to run task
[2025-03-09T03:37:25.110+0000] {standard_task_runner.py:84} INFO - Running: ['***', 'tasks', 'run', '3-Procesar_penguins_data', 'get_raw_data', 'scheduled__2025-03-09T03:30:00+00:00', '--job-id', '51', '--raw', '--subdir', 'DAGS_FOLDER/Procesa_data.py', '--cfg-path', '/tmp/tmp10iq9tu0']
[2025-03-09T03:37:25.112+0000] {standard_task_runner.py:85} INFO - Job 51: Subtask get_raw_data
[2025-03-09T03:37:25.179+0000] {task_command.py:410} INFO - Running <TaskInstance: 3-Procesar_penguins_data.get_raw_data scheduled__2025-03-09T03:30:00+00:00 [running]> on host d79f96be65f0
[2025-03-09T03:37:25.254+0000] {taskinstance.py:1570} INFO - Exporting env vars: AIRFLOW_CTX_DAG_OWNER='***' AIRFLOW_CTX_DAG_ID='3-Procesar_penguins_data' AIRFLOW_CTX_TASK_ID='get_raw_data' AIRFLOW_CTX_EXECUTION_DATE='2025-03-09T03:30:00+00:00' AIRFLOW_CTX_TRY_NUMBER='1' AIRFLOW_CTX_DAG_RUN_ID='scheduled__2025-03-09T03:30:00+00:00'
[2025-03-09T03:37:25.255+0000] {crypto.py:83} WARNING - empty cryptography key - values will not be stored encrypted.
[2025-03-09T03:37:25.256+0000] {base.py:73} INFO - Using connection ID 'mysql_default' for task execution.
[2025-03-09T03:37:25.265+0000] {taskinstance.py:1847} ERROR - Task failed with exception
Traceback (most recent call last):
  File "/home/airflow/.local/lib/python3.7/site-packages/pandas/io/sql.py", line 2056, in execute
    cur.execute(*args, **kwargs)
  File "/home/airflow/.local/lib/python3.7/site-packages/MySQLdb/cursors.py", line 206, in execute
    res = self._query(query)
  File "/home/airflow/.local/lib/python3.7/site-packages/MySQLdb/cursors.py", line 319, in _query
    db.query(q)
  File "/home/airflow/.local/lib/python3.7/site-packages/MySQLdb/connections.py", line 254, in query
    _mysql.connection.query(self, query)
MySQLdb.ProgrammingError: (1146, "Table '***_db.penguins' doesn't exist")

The above exception was the direct cause of the following exception:

Traceback (most recent call last):
  File "/home/airflow/.local/lib/python3.7/site-packages/airflow/operators/python.py", line 181, in execute
    return_value = self.execute_callable()
  File "/home/airflow/.local/lib/python3.7/site-packages/airflow/operators/python.py", line 198, in execute_callable
    return self.python_callable(*self.op_args, **self.op_kwargs)
  File "/opt/airflow/dags/Procesa_data.py", line 47, in get_data_from_db
    df = mysql_hook.get_pandas_df(query)
  File "/home/airflow/.local/lib/python3.7/site-packages/airflow/providers/common/sql/hooks/sql.py", line 201, in get_pandas_df
    return psql.read_sql(sql, con=conn, params=parameters, **kwargs)
  File "/home/airflow/.local/lib/python3.7/site-packages/pandas/io/sql.py", line 608, in read_sql
    chunksize=chunksize,
  File "/home/airflow/.local/lib/python3.7/site-packages/pandas/io/sql.py", line 2116, in read_query
    cursor = self.execute(*args)
  File "/home/airflow/.local/lib/python3.7/site-packages/pandas/io/sql.py", line 2068, in execute
    raise ex from exc
pandas.io.sql.DatabaseError: Execution failed on sql 'SELECT * FROM ***_db.penguins': (1146, "Table '***_db.penguins' doesn't exist")
[2025-03-09T03:37:25.275+0000] {taskinstance.py:1373} INFO - Marking task as UP_FOR_RETRY. dag_id=3-Procesar_penguins_data, task_id=get_raw_data, execution_date=20250309T033000, start_date=20250309T033725, end_date=20250309T033725
[2025-03-09T03:37:25.283+0000] {standard_task_runner.py:109} ERROR - Failed to execute job 51 for task get_raw_data (Execution failed on sql 'SELECT * FROM ***_db.penguins': (1146, "Table '***_db.penguins' doesn't exist"); 776)
[2025-03-09T03:37:25.322+0000] {local_task_job_runner.py:232} INFO - Task exited with return code 1
[2025-03-09T03:37:25.349+0000] {taskinstance.py:2674} INFO - 0 downstream tasks scheduled from follow-on schedule check
[2025-03-09T03:38:24.821+0000] {taskinstance.py:1125} INFO - Dependencies all met for dep_context=non-requeueable deps ti=<TaskInstance: 3-Procesar_penguins_data.get_raw_data scheduled__2025-03-09T03:30:00+00:00 [queued]>
[2025-03-09T03:38:24.829+0000] {taskinstance.py:1125} INFO - Dependencies all met for dep_context=requeueable deps ti=<TaskInstance: 3-Procesar_penguins_data.get_raw_data scheduled__2025-03-09T03:30:00+00:00 [queued]>
[2025-03-09T03:38:24.830+0000] {taskinstance.py:1331} INFO - Starting attempt 1 of 2
[2025-03-09T03:38:24.845+0000] {taskinstance.py:1350} INFO - Executing <Task(PythonOperator): get_raw_data> on 2025-03-09 03:30:00+00:00
[2025-03-09T03:38:24.849+0000] {standard_task_runner.py:57} INFO - Started process 865 to run task
[2025-03-09T03:38:24.853+0000] {standard_task_runner.py:84} INFO - Running: ['***', 'tasks', 'run', '3-Procesar_penguins_data', 'get_raw_data', 'scheduled__2025-03-09T03:30:00+00:00', '--job-id', '64', '--raw', '--subdir', 'DAGS_FOLDER/Procesa_data.py', '--cfg-path', '/tmp/tmprptwjtnp']
[2025-03-09T03:38:24.855+0000] {standard_task_runner.py:85} INFO - Job 64: Subtask get_raw_data
[2025-03-09T03:38:24.935+0000] {task_command.py:410} INFO - Running <TaskInstance: 3-Procesar_penguins_data.get_raw_data scheduled__2025-03-09T03:30:00+00:00 [running]> on host d79f96be65f0
[2025-03-09T03:38:25.014+0000] {taskinstance.py:1570} INFO - Exporting env vars: AIRFLOW_CTX_DAG_OWNER='***' AIRFLOW_CTX_DAG_ID='3-Procesar_penguins_data' AIRFLOW_CTX_TASK_ID='get_raw_data' AIRFLOW_CTX_EXECUTION_DATE='2025-03-09T03:30:00+00:00' AIRFLOW_CTX_TRY_NUMBER='1' AIRFLOW_CTX_DAG_RUN_ID='scheduled__2025-03-09T03:30:00+00:00'
[2025-03-09T03:38:25.015+0000] {crypto.py:83} WARNING - empty cryptography key - values will not be stored encrypted.
[2025-03-09T03:38:25.016+0000] {base.py:73} INFO - Using connection ID 'mysql_default' for task execution.
[2025-03-09T03:38:25.033+0000] {logging_mixin.py:149} INFO - Datos obtenidos de la base de datos. Filas: 344
[2025-03-09T03:38:25.094+0000] {python.py:183} INFO - Done. Returned value was:       id species     island  ...  body_mass_g     sex         fecha_carga
0      1  Adelie  Torgersen  ...       3750.0    MALE 2025-03-09 03:37:27
1      2  Adelie  Torgersen  ...       3800.0  FEMALE 2025-03-09 03:37:27
2      3  Adelie  Torgersen  ...       3250.0  FEMALE 2025-03-09 03:37:27
3      4  Adelie  Torgersen  ...          NaN    None 2025-03-09 03:37:27
4      5  Adelie  Torgersen  ...       3450.0  FEMALE 2025-03-09 03:37:27
..   ...     ...        ...  ...          ...     ...                 ...
339  340  Gentoo     Biscoe  ...          NaN    None 2025-03-09 03:37:27
340  341  Gentoo     Biscoe  ...       4850.0  FEMALE 2025-03-09 03:37:27
341  342  Gentoo     Biscoe  ...       5750.0    MALE 2025-03-09 03:37:27
342  343  Gentoo     Biscoe  ...       5200.0  FEMALE 2025-03-09 03:37:27
343  344  Gentoo     Biscoe  ...       5400.0    MALE 2025-03-09 03:37:27

[344 rows x 9 columns]
[2025-03-09T03:38:25.126+0000] {taskinstance.py:1373} INFO - Marking task as SUCCESS. dag_id=3-Procesar_penguins_data, task_id=get_raw_data, execution_date=20250309T033000, start_date=20250309T033824, end_date=20250309T033825
[2025-03-09T03:38:25.145+0000] {local_task_job_runner.py:232} INFO - Task exited with return code 0
[2025-03-09T03:38:25.163+0000] {taskinstance.py:2674} INFO - 1 downstream tasks scheduled from follow-on schedule check
