[2025-03-09T00:44:22.932+0000] {taskinstance.py:1125} INFO - Dependencies all met for dep_context=non-requeueable deps ti=<TaskInstance: preprocess_penguins_data.preprocess_data manual__2025-03-09T00:44:19.314368+00:00 [queued]>
[2025-03-09T00:44:22.937+0000] {taskinstance.py:1125} INFO - Dependencies all met for dep_context=requeueable deps ti=<TaskInstance: preprocess_penguins_data.preprocess_data manual__2025-03-09T00:44:19.314368+00:00 [queued]>
[2025-03-09T00:44:22.938+0000] {taskinstance.py:1331} INFO - Starting attempt 1 of 1
[2025-03-09T00:44:22.945+0000] {taskinstance.py:1350} INFO - Executing <Task(PythonOperator): preprocess_data> on 2025-03-09 00:44:19.314368+00:00
[2025-03-09T00:44:22.948+0000] {standard_task_runner.py:57} INFO - Started process 1016 to run task
[2025-03-09T00:44:22.951+0000] {standard_task_runner.py:84} INFO - Running: ['***', 'tasks', 'run', 'preprocess_penguins_data', 'preprocess_data', 'manual__2025-03-09T00:44:19.314368+00:00', '--job-id', '51', '--raw', '--subdir', 'DAGS_FOLDER/Procesa_data.py', '--cfg-path', '/tmp/tmppkhcv51c']
[2025-03-09T00:44:22.952+0000] {standard_task_runner.py:85} INFO - Job 51: Subtask preprocess_data
[2025-03-09T00:44:22.983+0000] {task_command.py:410} INFO - Running <TaskInstance: preprocess_penguins_data.preprocess_data manual__2025-03-09T00:44:19.314368+00:00 [running]> on host de40e2ed39bc
[2025-03-09T00:44:23.028+0000] {taskinstance.py:1570} INFO - Exporting env vars: AIRFLOW_CTX_DAG_OWNER='***' AIRFLOW_CTX_DAG_ID='preprocess_penguins_data' AIRFLOW_CTX_TASK_ID='preprocess_data' AIRFLOW_CTX_EXECUTION_DATE='2025-03-09T00:44:19.314368+00:00' AIRFLOW_CTX_TRY_NUMBER='1' AIRFLOW_CTX_DAG_RUN_ID='manual__2025-03-09T00:44:19.314368+00:00'
[2025-03-09T00:44:23.041+0000] {logging_mixin.py:149} INFO - Columnas con valores nulos: ['culmen_length_mm', 'culmen_depth_mm', 'flipper_length_mm', 'body_mass_g', 'sex']
[2025-03-09T00:44:23.047+0000] {taskinstance.py:1847} ERROR - Task failed with exception
Traceback (most recent call last):
  File "/home/airflow/.local/lib/python3.7/site-packages/pandas/core/indexes/base.py", line 3361, in get_loc
    return self._engine.get_loc(casted_key)
  File "pandas/_libs/index.pyx", line 76, in pandas._libs.index.IndexEngine.get_loc
  File "pandas/_libs/index.pyx", line 108, in pandas._libs.index.IndexEngine.get_loc
  File "pandas/_libs/hashtable_class_helper.pxi", line 5198, in pandas._libs.hashtable.PyObjectHashTable.get_item
  File "pandas/_libs/hashtable_class_helper.pxi", line 5206, in pandas._libs.hashtable.PyObjectHashTable.get_item
KeyError: 'species'

The above exception was the direct cause of the following exception:

Traceback (most recent call last):
  File "/home/airflow/.local/lib/python3.7/site-packages/sklearn/utils/__init__.py", line 433, in _get_column_indices
    col_idx = all_columns.get_loc(col)
  File "/home/airflow/.local/lib/python3.7/site-packages/pandas/core/indexes/base.py", line 3363, in get_loc
    raise KeyError(key) from err
KeyError: 'species'

The above exception was the direct cause of the following exception:

Traceback (most recent call last):
  File "/home/airflow/.local/lib/python3.7/site-packages/airflow/operators/python.py", line 181, in execute
    return_value = self.execute_callable()
  File "/home/airflow/.local/lib/python3.7/site-packages/airflow/operators/python.py", line 198, in execute_callable
    return self.python_callable(*self.op_args, **self.op_kwargs)
  File "/opt/airflow/dags/Procesa_data.py", line 127, in preprocess_data
    preprocessor.fit(X_train)
  File "/home/airflow/.local/lib/python3.7/site-packages/sklearn/compose/_column_transformer.py", line 642, in fit
    self.fit_transform(X, y=y)
  File "/home/airflow/.local/lib/python3.7/site-packages/sklearn/compose/_column_transformer.py", line 672, in fit_transform
    self._validate_column_callables(X)
  File "/home/airflow/.local/lib/python3.7/site-packages/sklearn/compose/_column_transformer.py", line 352, in _validate_column_callables
    transformer_to_input_indices[name] = _get_column_indices(X, columns)
  File "/home/airflow/.local/lib/python3.7/site-packages/sklearn/utils/__init__.py", line 441, in _get_column_indices
    raise ValueError("A given column is not a column of the dataframe") from e
ValueError: A given column is not a column of the dataframe
[2025-03-09T00:44:23.054+0000] {taskinstance.py:1373} INFO - Marking task as FAILED. dag_id=preprocess_penguins_data, task_id=preprocess_data, execution_date=20250309T004419, start_date=20250309T004422, end_date=20250309T004423
[2025-03-09T00:44:23.061+0000] {standard_task_runner.py:109} ERROR - Failed to execute job 51 for task preprocess_data (A given column is not a column of the dataframe; 1016)
[2025-03-09T00:44:23.081+0000] {local_task_job_runner.py:232} INFO - Task exited with return code 1
[2025-03-09T00:44:23.096+0000] {taskinstance.py:2674} INFO - 0 downstream tasks scheduled from follow-on schedule check
